[debug] [2022-09-16T23:53:42.068Z] ----------------------------------------------------------------------
[debug] [2022-09-16T23:53:42.070Z] Command:       C:\Program Files\nodejs\node.exe C:\Users\nraug\AppData\Roaming\npm\node_modules\firebase-tools\lib\bin\firebase.js emulators:start
[debug] [2022-09-16T23:53:42.070Z] CLI Version:   11.8.1
[debug] [2022-09-16T23:53:42.070Z] Platform:      win32
[debug] [2022-09-16T23:53:42.070Z] Node Version:  v16.17.0
[debug] [2022-09-16T23:53:42.072Z] Time:          Fri Sep 16 2022 16:53:42 GMT-0700 (Pacific Daylight Time)
[debug] [2022-09-16T23:53:42.072Z] ----------------------------------------------------------------------
[debug] 
[debug] [2022-09-16T23:53:42.132Z] > command requires scopes: ["email","openid","https://www.googleapis.com/auth/cloudplatformprojects.readonly","https://www.googleapis.com/auth/firebase","https://www.googleapis.com/auth/cloud-platform"]
[debug] [2022-09-16T23:53:42.133Z] > authorizing via signed-in user (nraugnaagmouaa@gmail.com)
[info] i  emulators: Starting emulators: functions, hosting {"metadata":{"emulator":{"name":"hub"},"message":"Starting emulators: functions, hosting"}}
[warn] !  emulators: It seems that you are running multiple instances of the emulator suite for project clone-16516. This may result in unexpected behavior. 
[debug] [2022-09-16T23:53:42.149Z] [hub] writing locator at C:\Users\nraug\AppData\Local\Temp\hub-clone-16516.json
[warn] !  functions: The following emulators are not running, calls to these services from the Functions emulator will affect production: auth, firestore, database, pubsub, storage, eventarc {"metadata":{"emulator":{"name":"functions"},"message":"The following emulators are not running, calls to these services from the Functions emulator will affect production: \u001b[1mauth, firestore, database, pubsub, storage, eventarc\u001b[22m"}}
[warn] !  Your requested "node" version "10" doesn't match your global version "16". Using node@16 from host. {"metadata":{"emulator":{"name":"functions"},"message":"Your requested \"node\" version \"10\" doesn't match your global version \"16\". Using node@16 from host."}}
[debug] [2022-09-16T23:53:42.183Z] defaultcredentials: writing to file C:\Users\nraug\AppData\Roaming\firebase\nraugnaagmouaa_gmail_com_application_default_credentials.json
[debug] [2022-09-16T23:53:42.187Z] Setting GAC to C:\Users\nraug\AppData\Roaming\firebase\nraugnaagmouaa_gmail_com_application_default_credentials.json {"metadata":{"emulator":{"name":"functions"},"message":"Setting GAC to C:\\Users\\nraug\\AppData\\Roaming\\firebase\\nraugnaagmouaa_gmail_com_application_default_credentials.json"}}
[debug] [2022-09-16T23:53:42.188Z] > refreshing access token with scopes: []
[debug] [2022-09-16T23:53:42.190Z] >>> [apiv2][query] POST https://www.googleapis.com/oauth2/v3/token [none]
[debug] [2022-09-16T23:53:42.190Z] >>> [apiv2][body] POST https://www.googleapis.com/oauth2/v3/token [omitted]
[debug] [2022-09-16T23:53:42.302Z] <<< [apiv2][status] POST https://www.googleapis.com/oauth2/v3/token 200
[debug] [2022-09-16T23:53:42.303Z] <<< [apiv2][body] POST https://www.googleapis.com/oauth2/v3/token [omitted]
[debug] [2022-09-16T23:53:42.308Z] >>> [apiv2][query] GET https://firebase.googleapis.com/v1beta1/projects/clone-16516/adminSdkConfig [none]
[debug] [2022-09-16T23:53:42.520Z] <<< [apiv2][status] GET https://firebase.googleapis.com/v1beta1/projects/clone-16516/adminSdkConfig 200
[debug] [2022-09-16T23:53:42.520Z] <<< [apiv2][body] GET https://firebase.googleapis.com/v1beta1/projects/clone-16516/adminSdkConfig {"projectId":"clone-16516","storageBucket":"clone-16516.appspot.com"}
[debug] [2022-09-16T23:53:42.549Z] >>> [apiv2][query] GET https://firebasehosting.googleapis.com/v1beta1/projects/clone-16516/sites 
[debug] [2022-09-16T23:53:43.105Z] <<< [apiv2][status] GET https://firebasehosting.googleapis.com/v1beta1/projects/clone-16516/sites 200
[debug] [2022-09-16T23:53:43.105Z] <<< [apiv2][body] GET https://firebasehosting.googleapis.com/v1beta1/projects/clone-16516/sites {"sites":[{"name":"projects/clone-16516/sites/clone-16516","defaultUrl":"https://clone-16516.web.app","appId":"1:54703709196:web:108965acbb5ad9ab90e229","type":"DEFAULT_SITE"}]}
[debug] [2022-09-16T23:53:43.106Z] >>> [apiv2][query] GET https://firebase.googleapis.com/v1beta1/projects/clone-16516/webApps/1:54703709196:web:108965acbb5ad9ab90e229/config [none]
[debug] [2022-09-16T23:53:43.553Z] <<< [apiv2][status] GET https://firebase.googleapis.com/v1beta1/projects/clone-16516/webApps/1:54703709196:web:108965acbb5ad9ab90e229/config 200
[debug] [2022-09-16T23:53:43.553Z] <<< [apiv2][body] GET https://firebase.googleapis.com/v1beta1/projects/clone-16516/webApps/1:54703709196:web:108965acbb5ad9ab90e229/config {"projectId":"clone-16516","appId":"1:54703709196:web:108965acbb5ad9ab90e229","storageBucket":"clone-16516.appspot.com","apiKey":"AIzaSyDbFOZtFF0W5SWrA1fwphMLA8d9hTxcPGo","authDomain":"clone-16516.firebaseapp.com","messagingSenderId":"54703709196","measurementId":"G-YFLRB7M7EE"}
[info] i  hosting: Serving hosting files from: build {"metadata":{"emulator":{"name":"hosting"},"message":"Serving hosting files from: \u001b[1mbuild\u001b[22m"}}
[info] +  hosting: Local server: http://localhost:5000 {"metadata":{"emulator":{"name":"hosting"},"message":"Local server: \u001b[4m\u001b[1mhttp://localhost:5000\u001b[22m\u001b[24m"}}
[debug] [2022-09-16T23:53:43.592Z] Ignoring unsupported arg: auto_download {"metadata":{"emulator":{"name":"ui"},"message":"Ignoring unsupported arg: auto_download"}}
[debug] [2022-09-16T23:53:43.593Z] Ignoring unsupported arg: port {"metadata":{"emulator":{"name":"ui"},"message":"Ignoring unsupported arg: port"}}
[debug] [2022-09-16T23:53:43.593Z] Starting Emulator UI with command {"binary":"node","args":["C:\\Users\\nraug\\.cache\\firebase\\emulators\\ui-v1.9.0\\server\\server.js"],"optionalArgs":[],"joinArgs":false} {"metadata":{"emulator":{"name":"ui"},"message":"Starting Emulator UI with command {\"binary\":\"node\",\"args\":[\"C:\\\\Users\\\\nraug\\\\.cache\\\\firebase\\\\emulators\\\\ui-v1.9.0\\\\server\\\\server.js\"],\"optionalArgs\":[],\"joinArgs\":false}"}}
[info] i  ui: Emulator UI logging to ui-debug.log {"metadata":{"emulator":{"name":"ui"},"message":"Emulator UI logging to \u001b[1mui-debug.log\u001b[22m"}}
[debug] [2022-09-16T23:53:43.703Z] Web / API server started at localhost:4000
 {"metadata":{"emulator":{"name":"ui"},"message":"Web / API server started at localhost:4000\n"}}
[info] i  functions: Watching "C:\Users\nraug\Desktop\react-challenge-amazon-clone-master\functions" for Cloud Functions... {"metadata":{"emulator":{"name":"functions"},"message":"Watching \"C:\\Users\\nraug\\Desktop\\react-challenge-amazon-clone-master\\functions\" for Cloud Functions..."}}
[debug] [2022-09-16T23:53:43.858Z] Validating nodejs source
[debug] [2022-09-16T23:53:45.676Z] > [functions] package.json contents: {
  "name": "functions",
  "description": "Cloud Functions for Firebase",
  "scripts": {
    "lint": "eslint .",
    "serve": "firebase emulators:start --only functions",
    "shell": "firebase functions:shell",
    "start": "npm run shell",
    "deploy": "firebase deploy --only functions",
    "logs": "firebase functions:log"
  },
  "engines": {
    "node": "10"
  },
  "main": "index.js",
  "dependencies": {
    "cors": "^2.8.5",
    "express": "^4.18.1",
    "firebase-admin": "^11.0.1",
    "firebase-functions": "^3.6.1",
    "stripe": "^8.222.0"
  },
  "devDependencies": {
    "eslint": "^5.12.0",
    "eslint-plugin-promise": "^4.0.1",
    "firebase-functions-test": "^0.2.0"
  },
  "private": true
}
[debug] [2022-09-16T23:53:45.677Z] Building nodejs source
[debug] [2022-09-16T23:53:45.677Z] Analyzing nodejs backend spec
[debug] [2022-09-16T23:53:45.678Z] Could not find functions.yaml. Must use http discovery
[debug] [2022-09-16T23:53:45.841Z] Serving at port 9005

[debug] [2022-09-16T23:53:45.928Z] Got response from /__/functions.yaml {"endpoints":{"api":{"platform":"gcfv1","httpsTrigger":{},"entryPoint":"api"}},"specVersion":"v1alpha1","requiredAPIs":[]}
[debug] [2022-09-16T23:53:45.934Z] shutdown requested via /__/quitquitquit

[info] +  functions: Loaded functions definitions from source: api. {"metadata":{"emulator":{"name":"functions"},"message":"Loaded functions definitions from source: api."}}
[info] +  functions[us-central1-api]: http function initialized (http://localhost:5001/clone-16516/us-central1/api). {"metadata":{"emulator":{"name":"functions"},"message":"\u001b[1mhttp\u001b[22m function initialized (http://localhost:5001/clone-16516/us-central1/api)."}}
[info] 
┌─────────────────────────────────────────────────────────────┐
│ ✔  All emulators ready! It is now safe to connect your app. │
│ i  View Emulator UI at http://localhost:4000                │
└─────────────────────────────────────────────────────────────┘

┌───────────┬────────────────┬─────────────────────────────────┐
│ Emulator  │ Host:Port      │ View in Emulator UI             │
├───────────┼────────────────┼─────────────────────────────────┤
│ Functions │ localhost:5001 │ http://localhost:4000/functions │
├───────────┼────────────────┼─────────────────────────────────┤
│ Hosting   │ localhost:5000 │ n/a                             │
└───────────┴────────────────┴─────────────────────────────────┘
  Emulator Hub running at localhost:4400
  Other reserved ports: 4500

Issues? Report them at https://github.com/firebase/firebase-tools/issues and attach the *-debug.log files.
 
